--------------- Build Started: 05/25/2021 17:29:26 Project: distancemeter, Configuration: ARM GCC 5.4-2016-q2-update Debug ---------------
The code generation step is up to date.
arm-none-eabi-gcc.exe -mcpu=cortex-m3 -mthumb -I. -IGenerated_Source\PSoC5 -Wa,-alh=.\CortexM3\ARM_GCC_541\Debug/main.lst -g -D DEBUG -D CY_CORE_ID=0 -Wall -ffunction-sections -ffat-lto-objects -Og -c main.c -o .\CortexM3\ARM_GCC_541\Debug\main.o
main.c: In function 'measurehandlerisr':
main.c:157:14: warning: suggest parentheses around comparison in operand of '&' [-Wparentheses]
     if (Time > 0.5 & Time < 1){
              ^
main.c: In function 'int2bin':
main.c:303:12: warning: 'b' may be used uninitialized in this function [-Wmaybe-uninitialized]
     return b;
            ^
arm-none-eabi-ar.exe -rs .\CortexM3\ARM_GCC_541\Debug\distancemeter.a .\CortexM3\ARM_GCC_541\Debug\Control_Reg_1.o .\CortexM3\ARM_GCC_541\Debug\Control_Reg_1_PM.o .\CortexM3\ARM_GCC_541\Debug\Control_Reg_2.o .\CortexM3\ARM_GCC_541\Debug\Control_Reg_2_PM.o .\CortexM3\ARM_GCC_541\Debug\Pin_1.o .\CortexM3\ARM_GCC_541\Debug\Pin_2.o .\CortexM3\ARM_GCC_541\Debug\Pin_3.o .\CortexM3\ARM_GCC_541\Debug\Pin_4.o .\CortexM3\ARM_GCC_541\Debug\Pin_5.o .\CortexM3\ARM_GCC_541\Debug\Pin_6.o .\CortexM3\ARM_GCC_541\Debug\Pin_7.o .\CortexM3\ARM_GCC_541\Debug\Pin_8.o .\CortexM3\ARM_GCC_541\Debug\Pin_9.o .\CortexM3\ARM_GCC_541\Debug\Pin_10.o .\CortexM3\ARM_GCC_541\Debug\Pin_11.o .\CortexM3\ARM_GCC_541\Debug\Pin_12.o .\CortexM3\ARM_GCC_541\Debug\CyDmac.o .\CortexM3\ARM_GCC_541\Debug\CyFlash.o .\CortexM3\ARM_GCC_541\Debug\CyLib.o .\CortexM3\ARM_GCC_541\Debug\cyPm.o .\CortexM3\ARM_GCC_541\Debug\CySpc.o .\CortexM3\ARM_GCC_541\Debug\cyutils.o .\CortexM3\ARM_GCC_541\Debug\cy_em_eeprom.o .\CortexM3\ARM_GCC_541\Debug\Clock_1.o .\CortexM3\ARM_GCC_541\Debug\Pin_13.o .\CortexM3\ARM_GCC_541\Debug\Pin_16.o .\CortexM3\ARM_GCC_541\Debug\Opamp_1.o .\CortexM3\ARM_GCC_541\Debug\Opamp_1_PM.o .\CortexM3\ARM_GCC_541\Debug\PGA_1.o .\CortexM3\ARM_GCC_541\Debug\PGA_1_PM.o .\CortexM3\ARM_GCC_541\Debug\Pin_15.o .\CortexM3\ARM_GCC_541\Debug\Comp_1.o .\CortexM3\ARM_GCC_541\Debug\Comp_1_PM.o .\CortexM3\ARM_GCC_541\Debug\VDAC8_1.o .\CortexM3\ARM_GCC_541\Debug\VDAC8_1_PM.o .\CortexM3\ARM_GCC_541\Debug\Timer_1.o .\CortexM3\ARM_GCC_541\Debug\Timer_1_PM.o .\CortexM3\ARM_GCC_541\Debug\isr_1.o .\CortexM3\ARM_GCC_541\Debug\UART_1.o .\CortexM3\ARM_GCC_541\Debug\UART_1_PM.o .\CortexM3\ARM_GCC_541\Debug\UART_1_INT.o .\CortexM3\ARM_GCC_541\Debug\UART_1_BOOT.o .\CortexM3\ARM_GCC_541\Debug\UART_1_IntClock.o .\CortexM3\ARM_GCC_541\Debug\Pin_22.o .\CortexM3\ARM_GCC_541\Debug\Pin_23.o .\CortexM3\ARM_GCC_541\Debug\isr_2.o .\CortexM3\ARM_GCC_541\Debug\isr_3.o .\CortexM3\ARM_GCC_541\Debug\isr_4.o .\CortexM3\ARM_GCC_541\Debug\Clock_2.o .\CortexM3\ARM_GCC_541\Debug\beeperpin.o .\CortexM3\ARM_GCC_541\Debug\Pin_25.o .\CortexM3\ARM_GCC_541\Debug\Pin_24.o .\CortexM3\ARM_GCC_541\Debug\isr_5.o .\CortexM3\ARM_GCC_541\Debug\EEPROM_1.o .\CortexM3\ARM_GCC_541\Debug\Clock_3.o .\CortexM3\ARM_GCC_541\Debug\counter_reset.o .\CortexM3\ARM_GCC_541\Debug\counter_reset_PM.o .\CortexM3\ARM_GCC_541\Debug\CyBootAsmGnu.o
arm-none-eabi-ar.exe: creating .\CortexM3\ARM_GCC_541\Debug\distancemeter.a
arm-none-eabi-gcc.exe -Wl,--start-group -o "C:\Users\badun\OneDrive - Monash University\TRC3500\Heartrate\DistanceMeter (1)\distancemeter.cydsn\CortexM3\ARM_GCC_541\Debug\distancemeter.elf" .\CortexM3\ARM_GCC_541\Debug\main.o .\CortexM3\ARM_GCC_541\Debug\cyfitter_cfg.o .\CortexM3\ARM_GCC_541\Debug\cymetadata.o .\CortexM3\ARM_GCC_541\Debug\Cm3Start.o .\CortexM3\ARM_GCC_541\Debug\distancemeter.a "F:\PSOC\PSoC Creator\4.4\PSoC Creator\psoc\content\cycomponentlibrary\CyComponentLibrary.cylib\CortexM3\ARM_GCC_541\Debug\CyComponentLibrary.a" -mcpu=cortex-m3 -mthumb -L Generated_Source\PSoC5 -Wl,-Map,.\CortexM3\ARM_GCC_541\Debug/distancemeter.map -T Generated_Source\PSoC5\cm3gcc.ld -specs=nano.specs -Wl,--gc-sections -u_printf_float -g -ffunction-sections -Og -ffat-lto-objects -Wl,--end-group
cyelftool.exe -C "C:\Users\badun\OneDrive - Monash University\TRC3500\Heartrate\DistanceMeter (1)\distancemeter.cydsn\CortexM3\ARM_GCC_541\Debug\distancemeter.elf" --flash_row_size 256 --flash_size 262144 --flash_offset 0x00000000
No ELF section .cychecksum found, creating one
Application checksum calculated and stored in ELF section .cychecksum
Checksum calculated and stored in ELF section .cymeta
cyelftool.exe -S "C:\Users\badun\OneDrive - Monash University\TRC3500\Heartrate\DistanceMeter (1)\distancemeter.cydsn\CortexM3\ARM_GCC_541\Debug\distancemeter.elf"
Flash used: 18244 of 262144 bytes (7.0%).
SRAM used: 3089 of 65536 bytes (4.7%). Stack: 2048 bytes. Heap: 512 bytes.
--------------- Build Succeeded: 05/25/2021 17:29:27 ---------------
